[debug] ----------------------------------------------------------------------
[debug] Command:      /usr/local/Cellar/node/5.0.0/bin/node /usr/local/bin/firebase database:set /contadores clientes:88 platos:33
[debug] CLI Version:  3.0.4
[debug] Platform:     darwin
[debug] Node Version: v5.0.0
[debug] Time:         Mon Aug 01 2016 11:59:16 GMT-0300 (ART)
[debug] ----------------------------------------------------------------------
[debug] 
[debug] > command requires scopes: ["email","openid","https://www.googleapis.com/auth/cloudplatformprojects.readonly","https://www.googleapis.com/auth/firebase"]
[debug] >>> HTTP REQUEST GET https://admin.firebase.com/v1/projects/contador-903c2 
[debug] <<< HTTP RESPONSE 200
[debug] >>> HTTP REQUEST GET https://admin.firebase.com/v1/database/contador-903c2/tokens 
[debug] <<< HTTP RESPONSE 200
[debug] Error: ENOENT: no such file or directory, open 'clientes:88'
    at Error (native)
[error] 
[error] Error: An unexpected error has occurred.
[debug] ----------------------------------------------------------------------
[debug] Command:      /usr/local/Cellar/node/5.0.0/bin/node /usr/local/bin/firebase database:set /contadores "clientes:88" "platos:33"
[debug] CLI Version:  3.0.4
[debug] Platform:     darwin
[debug] Node Version: v5.0.0
[debug] Time:         Mon Aug 01 2016 11:59:44 GMT-0300 (ART)
[debug] ----------------------------------------------------------------------
[debug] 
[debug] > command requires scopes: ["email","openid","https://www.googleapis.com/auth/cloudplatformprojects.readonly","https://www.googleapis.com/auth/firebase"]
[debug] >>> HTTP REQUEST GET https://admin.firebase.com/v1/projects/contador-903c2 
[debug] <<< HTTP RESPONSE 200
[debug] >>> HTTP REQUEST GET https://admin.firebase.com/v1/database/contador-903c2/tokens 
[debug] <<< HTTP RESPONSE 200
[debug] Error: ENOENT: no such file or directory, open '"clientes:88"'
    at Error (native)
[error] 
[error] Error: An unexpected error has occurred.
